  Entity.cpp
C:\Users\ANDRE\source\repos\Adidas05050\Inteaser\source\Entity.cpp(15,9): warning C4244: return: преобразование "float" в "int", возможна потеря данных
C:\Users\ANDRE\source\repos\Adidas05050\Inteaser\source\Entity.cpp(20,9): warning C4244: return: преобразование "float" в "int", возможна потеря данных
  Interactions.cpp
  main.cpp
  Player.cpp
C:\Users\ANDRE\source\repos\Adidas05050\Inteaser\source\Player.cpp(5,15): warning C4244: =: преобразование "int" в "T", возможна потеря данных
          with
          [
              T=float
          ]
C:\Users\ANDRE\source\repos\Adidas05050\Inteaser\source\Player.cpp(6,14): warning C4244: =: преобразование "int" в "T", возможна потеря данных
          with
          [
              T=float
          ]
C:\Users\ANDRE\source\repos\Adidas05050\Inteaser\source\Player.cpp(10,13): warning C4244: =: преобразование "int" в "float", возможна потеря данных
C:\Users\ANDRE\source\repos\Adidas05050\Inteaser\source\Player.cpp(11,12): warning C4244: =: преобразование "int" в "float", возможна потеря данных
C:\Users\ANDRE\source\repos\Adidas05050\Inteaser\source\Player.cpp(16,32): warning C4244: аргумент: преобразование "int" в "float", возможна потеря данных
C:\Users\ANDRE\source\repos\Adidas05050\Inteaser\source\Player.cpp(16,29): warning C4244: аргумент: преобразование "int" в "float", возможна потеря данных
C:\Users\ANDRE\source\repos\Adidas05050\Inteaser\source\Player.cpp(106,17): warning C4305: +=: усечение из "double" в "float"
C:\Users\ANDRE\source\repos\Adidas05050\Inteaser\source\Player.cpp(110,17): warning C4305: -=: усечение из "double" в "float"
  skelet.cpp
C:\Users\ANDRE\source\repos\Adidas05050\Inteaser\source\skelet.cpp(9,13): warning C4244: =: преобразование "int" в "float", возможна потеря данных
C:\Users\ANDRE\source\repos\Adidas05050\Inteaser\source\skelet.cpp(10,12): warning C4244: =: преобразование "int" в "float", возможна потеря данных
C:\Users\ANDRE\source\repos\Adidas05050\Inteaser\source\skelet.cpp(19,25): warning C4244: аргумент: преобразование "int" в "float", возможна потеря данных
C:\Users\ANDRE\source\repos\Adidas05050\Inteaser\source\skelet.cpp(19,22): warning C4244: аргумент: преобразование "int" в "float", возможна потеря данных
C:\Users\ANDRE\source\repos\Adidas05050\Inteaser\source\skelet.cpp(20,15): warning C4244: =: преобразование "int" в "T", возможна потеря данных
          with
          [
              T=float
          ]
C:\Users\ANDRE\source\repos\Adidas05050\Inteaser\source\skelet.cpp(21,14): warning C4244: =: преобразование "int" в "T", возможна потеря данных
          with
          [
              T=float
          ]
  TApplication.cpp
C:\Users\ANDRE\source\repos\Adidas05050\Inteaser\source\TApplication.cpp(84,32): warning C4305: аргумент: усечение из "double" в "float"
C:\Users\ANDRE\source\repos\Adidas05050\Inteaser\source\TApplication.cpp(114,58): warning C4244: аргумент: преобразование "T" в "int", возможна потеря данных
          with
          [
              T=float
          ]
  Weather.cpp
C:\Users\ANDRE\source\repos\Adidas05050\Inteaser\source\World\Weather.cpp(47,28): error C2039: "clamp": не является членом "std".
C:\Program Files\Microsoft Visual Studio\2022\Community\VC\Tools\MSVC\14.31.31103\include\locale(25): message : см. объявление "std"
C:\Users\ANDRE\source\repos\Adidas05050\Inteaser\source\World\Weather.cpp(47,33): error C3861: clamp: идентификатор не найден
C:\Users\ANDRE\source\repos\Adidas05050\Inteaser\source\World\Weather.cpp(70,31): warning C4244: аргумент: преобразование "int" в "float", возможна потеря данных
C:\Users\ANDRE\source\repos\Adidas05050\Inteaser\source\World\Weather.cpp(70,26): warning C4244: аргумент: преобразование "int" в "float", возможна потеря данных
  Создание кода...
